[32m2024-05-06 17:30:28 +1000[0m - dagster - [34mDEBUG[0m - materialize_dbt_models - 30f6a686-8527-4090-b115-0ab9427484a2 - 29773 - LOGS_CAPTURED - Started capturing logs in process (pid: 29773).
[32m2024-05-06 17:30:28 +1000[0m - dagster - [34mDEBUG[0m - materialize_dbt_models - 30f6a686-8527-4090-b115-0ab9427484a2 - 29773 - dbtlearn_dbt_assets - STEP_START - Started execution of step "dbtlearn_dbt_assets".
[32m2024-05-06 17:30:28 +1000[0m - dagster - [34mINFO[0m - materialize_dbt_models - 30f6a686-8527-4090-b115-0ab9427484a2 - dbtlearn_dbt_assets - A dbt subsetted execution is not being performed. Using the default dbt selection arguments `['--select', 'fqn:*']`.
[32m2024-05-06 17:30:28 +1000[0m - dagster - [34mINFO[0m - materialize_dbt_models - 30f6a686-8527-4090-b115-0ab9427484a2 - dbtlearn_dbt_assets - Copying `/Users/jonathandelimas/Library/CloudStorage/GoogleDrive-johnlimma@gmail.com/My Drive/7. Courses/1. Data Engineering/5. DBT/DBT Bootcamp/dbtAirbnb/target/partial_parse.msgpack` to `/Users/jonathandelimas/Library/CloudStorage/GoogleDrive-johnlimma@gmail.com/My Drive/7. Courses/1. Data Engineering/5. DBT/DBT Bootcamp/dbtAirbnb/target/dbtlearn_dbt_assets-30f6a68-e63718a/partial_parse.msgpack` to take advantage of partial parsing.
[32m2024-05-06 17:30:28 +1000[0m - dagster - [34mINFO[0m - materialize_dbt_models - 30f6a686-8527-4090-b115-0ab9427484a2 - dbtlearn_dbt_assets - Running dbt command: `dbt build --select fqn:*`.
[32m2024-05-06 17:30:56 +1000[0m - dagster - [34mDEBUG[0m - materialize_dbt_models - 30f6a686-8527-4090-b115-0ab9427484a2 - 29773 - dbtlearn_dbt_assets - STEP_OUTPUT - Yielded output "seed_full_moon_dates" of type "Nothing". (Type check passed).
[32m2024-05-06 17:30:56 +1000[0m - dagster - [34mDEBUG[0m - materialize_dbt_models - 30f6a686-8527-4090-b115-0ab9427484a2 - 29773 - dbtlearn_dbt_assets - ASSET_MATERIALIZATION - Materialized value seed_full_moon_dates.
[32m2024-05-06 17:30:58 +1000[0m - dagster - [34mDEBUG[0m - materialize_dbt_models - 30f6a686-8527-4090-b115-0ab9427484a2 - 29773 - dbtlearn_dbt_assets - ASSET_OBSERVATION - DagsterEventType.ASSET_OBSERVATION for step dbtlearn_dbt_assets
[32m2024-05-06 17:31:01 +1000[0m - dagster - [34mDEBUG[0m - materialize_dbt_models - 30f6a686-8527-4090-b115-0ab9427484a2 - 29773 - dbtlearn_dbt_assets - ASSET_OBSERVATION - DagsterEventType.ASSET_OBSERVATION for step dbtlearn_dbt_assets
[32m2024-05-06 17:31:06 +1000[0m - dagster - [34mDEBUG[0m - materialize_dbt_models - 30f6a686-8527-4090-b115-0ab9427484a2 - 29773 - dbtlearn_dbt_assets - ASSET_OBSERVATION - DagsterEventType.ASSET_OBSERVATION for step dbtlearn_dbt_assets
[32m2024-05-06 17:31:09 +1000[0m - dagster - [34mDEBUG[0m - materialize_dbt_models - 30f6a686-8527-4090-b115-0ab9427484a2 - 29773 - dbtlearn_dbt_assets - STEP_OUTPUT - Yielded output "dim_hosts_cleansed" of type "Nothing". (Type check passed).
[32m2024-05-06 17:31:09 +1000[0m - dagster - [34mDEBUG[0m - materialize_dbt_models - 30f6a686-8527-4090-b115-0ab9427484a2 - 29773 - dbtlearn_dbt_assets - ASSET_MATERIALIZATION - Materialized value dim_hosts_cleansed.
[32m2024-05-06 17:31:15 +1000[0m - dagster - [34mDEBUG[0m - materialize_dbt_models - 30f6a686-8527-4090-b115-0ab9427484a2 - 29773 - dbtlearn_dbt_assets - STEP_OUTPUT - Yielded output "fct_reviews" of type "Nothing". (Type check passed).
[32m2024-05-06 17:31:15 +1000[0m - dagster - [34mDEBUG[0m - materialize_dbt_models - 30f6a686-8527-4090-b115-0ab9427484a2 - 29773 - dbtlearn_dbt_assets - ASSET_MATERIALIZATION - Materialized value fct_reviews.
[32m2024-05-06 17:31:22 +1000[0m - dagster - [34mDEBUG[0m - materialize_dbt_models - 30f6a686-8527-4090-b115-0ab9427484a2 - 29773 - dbtlearn_dbt_assets - STEP_OUTPUT - Yielded output "scd_raw_listings" of type "Nothing". (Type check passed).
[32m2024-05-06 17:31:22 +1000[0m - dagster - [34mDEBUG[0m - materialize_dbt_models - 30f6a686-8527-4090-b115-0ab9427484a2 - 29773 - dbtlearn_dbt_assets - ASSET_MATERIALIZATION - Materialized value scd_raw_listings.
[32m2024-05-06 17:31:28 +1000[0m - dagster - [34mDEBUG[0m - materialize_dbt_models - 30f6a686-8527-4090-b115-0ab9427484a2 - 29773 - dbtlearn_dbt_assets - ASSET_OBSERVATION - DagsterEventType.ASSET_OBSERVATION for step dbtlearn_dbt_assets
[32m2024-05-06 17:31:30 +1000[0m - dagster - [34mDEBUG[0m - materialize_dbt_models - 30f6a686-8527-4090-b115-0ab9427484a2 - 29773 - dbtlearn_dbt_assets - ASSET_OBSERVATION - DagsterEventType.ASSET_OBSERVATION for step dbtlearn_dbt_assets
[32m2024-05-06 17:31:33 +1000[0m - dagster - [34mDEBUG[0m - materialize_dbt_models - 30f6a686-8527-4090-b115-0ab9427484a2 - 29773 - dbtlearn_dbt_assets - ASSET_OBSERVATION - DagsterEventType.ASSET_OBSERVATION for step dbtlearn_dbt_assets
[32m2024-05-06 17:31:35 +1000[0m - dagster - [34mDEBUG[0m - materialize_dbt_models - 30f6a686-8527-4090-b115-0ab9427484a2 - 29773 - dbtlearn_dbt_assets - ASSET_OBSERVATION - DagsterEventType.ASSET_OBSERVATION for step dbtlearn_dbt_assets
[32m2024-05-06 17:31:37 +1000[0m - dagster - [34mDEBUG[0m - materialize_dbt_models - 30f6a686-8527-4090-b115-0ab9427484a2 - 29773 - dbtlearn_dbt_assets - ASSET_OBSERVATION - DagsterEventType.ASSET_OBSERVATION for step dbtlearn_dbt_assets
[32m2024-05-06 17:31:39 +1000[0m - dagster - [34mDEBUG[0m - materialize_dbt_models - 30f6a686-8527-4090-b115-0ab9427484a2 - 29773 - dbtlearn_dbt_assets - ASSET_OBSERVATION - DagsterEventType.ASSET_OBSERVATION for step dbtlearn_dbt_assets
[32m2024-05-06 17:31:42 +1000[0m - dagster - [34mDEBUG[0m - materialize_dbt_models - 30f6a686-8527-4090-b115-0ab9427484a2 - 29773 - dbtlearn_dbt_assets - STEP_OUTPUT - Yielded output "dim_listings_cleansed" of type "Nothing". (Type check passed).
[32m2024-05-06 17:31:42 +1000[0m - dagster - [34mDEBUG[0m - materialize_dbt_models - 30f6a686-8527-4090-b115-0ab9427484a2 - 29773 - dbtlearn_dbt_assets - ASSET_MATERIALIZATION - Materialized value dim_listings_cleansed.
[32m2024-05-06 17:31:52 +1000[0m - dagster - [34mDEBUG[0m - materialize_dbt_models - 30f6a686-8527-4090-b115-0ab9427484a2 - 29773 - dbtlearn_dbt_assets - STEP_OUTPUT - Yielded output "mart_fullmoon_reviews" of type "Nothing". (Type check passed).
[32m2024-05-06 17:31:52 +1000[0m - dagster - [34mDEBUG[0m - materialize_dbt_models - 30f6a686-8527-4090-b115-0ab9427484a2 - 29773 - dbtlearn_dbt_assets - ASSET_MATERIALIZATION - Materialized value mart_fullmoon_reviews.
[32m2024-05-06 17:31:55 +1000[0m - dagster - [34mDEBUG[0m - materialize_dbt_models - 30f6a686-8527-4090-b115-0ab9427484a2 - 29773 - dbtlearn_dbt_assets - ASSET_OBSERVATION - DagsterEventType.ASSET_OBSERVATION for step dbtlearn_dbt_assets
[32m2024-05-06 17:31:57 +1000[0m - dagster - [34mDEBUG[0m - materialize_dbt_models - 30f6a686-8527-4090-b115-0ab9427484a2 - 29773 - dbtlearn_dbt_assets - ASSET_OBSERVATION - DagsterEventType.ASSET_OBSERVATION for step dbtlearn_dbt_assets
[32m2024-05-06 17:31:57 +1000[0m - dagster - [34mDEBUG[0m - materialize_dbt_models - 30f6a686-8527-4090-b115-0ab9427484a2 - 29773 - dbtlearn_dbt_assets - ASSET_OBSERVATION - DagsterEventType.ASSET_OBSERVATION for step dbtlearn_dbt_assets
[32m2024-05-06 17:32:00 +1000[0m - dagster - [34mDEBUG[0m - materialize_dbt_models - 30f6a686-8527-4090-b115-0ab9427484a2 - 29773 - dbtlearn_dbt_assets - ASSET_OBSERVATION - DagsterEventType.ASSET_OBSERVATION for step dbtlearn_dbt_assets
[32m2024-05-06 17:32:03 +1000[0m - dagster - [34mDEBUG[0m - materialize_dbt_models - 30f6a686-8527-4090-b115-0ab9427484a2 - 29773 - dbtlearn_dbt_assets - ASSET_OBSERVATION - DagsterEventType.ASSET_OBSERVATION for step dbtlearn_dbt_assets
[32m2024-05-06 17:32:07 +1000[0m - dagster - [34mDEBUG[0m - materialize_dbt_models - 30f6a686-8527-4090-b115-0ab9427484a2 - 29773 - dbtlearn_dbt_assets - ASSET_OBSERVATION - DagsterEventType.ASSET_OBSERVATION for step dbtlearn_dbt_assets
[32m2024-05-06 17:32:09 +1000[0m - dagster - [34mDEBUG[0m - materialize_dbt_models - 30f6a686-8527-4090-b115-0ab9427484a2 - 29773 - dbtlearn_dbt_assets - ASSET_OBSERVATION - DagsterEventType.ASSET_OBSERVATION for step dbtlearn_dbt_assets
[32m2024-05-06 17:32:12 +1000[0m - dagster - [34mDEBUG[0m - materialize_dbt_models - 30f6a686-8527-4090-b115-0ab9427484a2 - 29773 - dbtlearn_dbt_assets - ASSET_OBSERVATION - DagsterEventType.ASSET_OBSERVATION for step dbtlearn_dbt_assets
[32m2024-05-06 17:32:14 +1000[0m - dagster - [34mDEBUG[0m - materialize_dbt_models - 30f6a686-8527-4090-b115-0ab9427484a2 - 29773 - dbtlearn_dbt_assets - ASSET_OBSERVATION - DagsterEventType.ASSET_OBSERVATION for step dbtlearn_dbt_assets
[32m2024-05-06 17:32:14 +1000[0m - dagster - [34mDEBUG[0m - materialize_dbt_models - 30f6a686-8527-4090-b115-0ab9427484a2 - 29773 - dbtlearn_dbt_assets - ASSET_OBSERVATION - DagsterEventType.ASSET_OBSERVATION for step dbtlearn_dbt_assets
[32m2024-05-06 17:32:16 +1000[0m - dagster - [34mDEBUG[0m - materialize_dbt_models - 30f6a686-8527-4090-b115-0ab9427484a2 - 29773 - dbtlearn_dbt_assets - ASSET_OBSERVATION - DagsterEventType.ASSET_OBSERVATION for step dbtlearn_dbt_assets
[32m2024-05-06 17:32:16 +1000[0m - dagster - [34mDEBUG[0m - materialize_dbt_models - 30f6a686-8527-4090-b115-0ab9427484a2 - 29773 - dbtlearn_dbt_assets - ASSET_OBSERVATION - DagsterEventType.ASSET_OBSERVATION for step dbtlearn_dbt_assets
[32m2024-05-06 17:32:18 +1000[0m - dagster - [34mDEBUG[0m - materialize_dbt_models - 30f6a686-8527-4090-b115-0ab9427484a2 - 29773 - dbtlearn_dbt_assets - ASSET_OBSERVATION - DagsterEventType.ASSET_OBSERVATION for step dbtlearn_dbt_assets
[32m2024-05-06 17:32:22 +1000[0m - dagster - [34mDEBUG[0m - materialize_dbt_models - 30f6a686-8527-4090-b115-0ab9427484a2 - 29773 - dbtlearn_dbt_assets - STEP_OUTPUT - Yielded output "dim_listings_with_host" of type "Nothing". (Type check passed).
[32m2024-05-06 17:32:22 +1000[0m - dagster - [34mDEBUG[0m - materialize_dbt_models - 30f6a686-8527-4090-b115-0ab9427484a2 - 29773 - dbtlearn_dbt_assets - ASSET_MATERIALIZATION - Materialized value dim_listings_with_host.
[32m2024-05-06 17:32:24 +1000[0m - dagster - [34mDEBUG[0m - materialize_dbt_models - 30f6a686-8527-4090-b115-0ab9427484a2 - 29773 - dbtlearn_dbt_assets - ASSET_OBSERVATION - DagsterEventType.ASSET_OBSERVATION for step dbtlearn_dbt_assets
[32m2024-05-06 17:32:27 +1000[0m - dagster - [34mDEBUG[0m - materialize_dbt_models - 30f6a686-8527-4090-b115-0ab9427484a2 - 29773 - dbtlearn_dbt_assets - ASSET_OBSERVATION - DagsterEventType.ASSET_OBSERVATION for step dbtlearn_dbt_assets
[32m2024-05-06 17:32:29 +1000[0m - dagster - [34mDEBUG[0m - materialize_dbt_models - 30f6a686-8527-4090-b115-0ab9427484a2 - 29773 - dbtlearn_dbt_assets - ASSET_OBSERVATION - DagsterEventType.ASSET_OBSERVATION for step dbtlearn_dbt_assets
[32m2024-05-06 17:32:31 +1000[0m - dagster - [34mDEBUG[0m - materialize_dbt_models - 30f6a686-8527-4090-b115-0ab9427484a2 - 29773 - dbtlearn_dbt_assets - ASSET_OBSERVATION - DagsterEventType.ASSET_OBSERVATION for step dbtlearn_dbt_assets
[32m2024-05-06 17:32:31 +1000[0m - dagster - [34mDEBUG[0m - materialize_dbt_models - 30f6a686-8527-4090-b115-0ab9427484a2 - 29773 - dbtlearn_dbt_assets - ASSET_OBSERVATION - DagsterEventType.ASSET_OBSERVATION for step dbtlearn_dbt_assets
[32m2024-05-06 17:32:32 +1000[0m - dagster - [34mDEBUG[0m - materialize_dbt_models - 30f6a686-8527-4090-b115-0ab9427484a2 - 29773 - dbtlearn_dbt_assets - STEP_SUCCESS - Finished execution of step "dbtlearn_dbt_assets" in 2m3s.
