[32m2024-05-06 17:41:54 +1000[0m - dagster - [34mDEBUG[0m - __ASSET_JOB - 76ab3cca-2dbc-4b1c-a5dd-a66a7febaaf3 - 32112 - LOGS_CAPTURED - Started capturing logs in process (pid: 32112).
[32m2024-05-06 17:41:54 +1000[0m - dagster - [34mDEBUG[0m - __ASSET_JOB - 76ab3cca-2dbc-4b1c-a5dd-a66a7febaaf3 - 32112 - dbtlearn_dbt_assets - STEP_START - Started execution of step "dbtlearn_dbt_assets".
[32m2024-05-06 17:41:54 +1000[0m - dagster - [34mINFO[0m - __ASSET_JOB - 76ab3cca-2dbc-4b1c-a5dd-a66a7febaaf3 - dbtlearn_dbt_assets - A dbt subsetted execution is not being performed. Using the default dbt selection arguments `['--select', 'fqn:*']`.
[32m2024-05-06 17:41:54 +1000[0m - dagster - [34mINFO[0m - __ASSET_JOB - 76ab3cca-2dbc-4b1c-a5dd-a66a7febaaf3 - dbtlearn_dbt_assets - Copying `/Users/jonathandelimas/Library/CloudStorage/GoogleDrive-johnlimma@gmail.com/My Drive/7. Courses/1. Data Engineering/5. DBT/DBT Bootcamp/dbtAirbnb/target/partial_parse.msgpack` to `/Users/jonathandelimas/Library/CloudStorage/GoogleDrive-johnlimma@gmail.com/My Drive/7. Courses/1. Data Engineering/5. DBT/DBT Bootcamp/dbtAirbnb/target/dbtlearn_dbt_assets-76ab3cc-2fe076c/partial_parse.msgpack` to take advantage of partial parsing.
[32m2024-05-06 17:41:54 +1000[0m - dagster - [34mINFO[0m - __ASSET_JOB - 76ab3cca-2dbc-4b1c-a5dd-a66a7febaaf3 - dbtlearn_dbt_assets - Running dbt command: `dbt build --select fqn:*`.
[32m2024-05-06 17:42:11 +1000[0m - dagster - [34mDEBUG[0m - __ASSET_JOB - 76ab3cca-2dbc-4b1c-a5dd-a66a7febaaf3 - 32112 - dbtlearn_dbt_assets - STEP_OUTPUT - Yielded output "seed_full_moon_dates" of type "Nothing". (Type check passed).
[32m2024-05-06 17:42:11 +1000[0m - dagster - [34mDEBUG[0m - __ASSET_JOB - 76ab3cca-2dbc-4b1c-a5dd-a66a7febaaf3 - 32112 - dbtlearn_dbt_assets - ASSET_MATERIALIZATION - Materialized value seed_full_moon_dates.
[32m2024-05-06 17:42:14 +1000[0m - dagster - [34mDEBUG[0m - __ASSET_JOB - 76ab3cca-2dbc-4b1c-a5dd-a66a7febaaf3 - 32112 - dbtlearn_dbt_assets - ASSET_OBSERVATION - DagsterEventType.ASSET_OBSERVATION for step dbtlearn_dbt_assets
[32m2024-05-06 17:42:16 +1000[0m - dagster - [34mDEBUG[0m - __ASSET_JOB - 76ab3cca-2dbc-4b1c-a5dd-a66a7febaaf3 - 32112 - dbtlearn_dbt_assets - ASSET_OBSERVATION - DagsterEventType.ASSET_OBSERVATION for step dbtlearn_dbt_assets
[32m2024-05-06 17:42:18 +1000[0m - dagster - [34mDEBUG[0m - __ASSET_JOB - 76ab3cca-2dbc-4b1c-a5dd-a66a7febaaf3 - 32112 - dbtlearn_dbt_assets - ASSET_OBSERVATION - DagsterEventType.ASSET_OBSERVATION for step dbtlearn_dbt_assets
[32m2024-05-06 17:42:21 +1000[0m - dagster - [34mDEBUG[0m - __ASSET_JOB - 76ab3cca-2dbc-4b1c-a5dd-a66a7febaaf3 - 32112 - dbtlearn_dbt_assets - STEP_OUTPUT - Yielded output "dim_hosts_cleansed" of type "Nothing". (Type check passed).
[32m2024-05-06 17:42:21 +1000[0m - dagster - [34mDEBUG[0m - __ASSET_JOB - 76ab3cca-2dbc-4b1c-a5dd-a66a7febaaf3 - 32112 - dbtlearn_dbt_assets - ASSET_MATERIALIZATION - Materialized value dim_hosts_cleansed.
[32m2024-05-06 17:42:27 +1000[0m - dagster - [34mDEBUG[0m - __ASSET_JOB - 76ab3cca-2dbc-4b1c-a5dd-a66a7febaaf3 - 32112 - dbtlearn_dbt_assets - STEP_OUTPUT - Yielded output "fct_reviews" of type "Nothing". (Type check passed).
[32m2024-05-06 17:42:27 +1000[0m - dagster - [34mDEBUG[0m - __ASSET_JOB - 76ab3cca-2dbc-4b1c-a5dd-a66a7febaaf3 - 32112 - dbtlearn_dbt_assets - ASSET_MATERIALIZATION - Materialized value fct_reviews.
[32m2024-05-06 17:42:32 +1000[0m - dagster - [34mDEBUG[0m - __ASSET_JOB - 76ab3cca-2dbc-4b1c-a5dd-a66a7febaaf3 - 32112 - dbtlearn_dbt_assets - STEP_OUTPUT - Yielded output "scd_raw_listings" of type "Nothing". (Type check passed).
[32m2024-05-06 17:42:32 +1000[0m - dagster - [34mDEBUG[0m - __ASSET_JOB - 76ab3cca-2dbc-4b1c-a5dd-a66a7febaaf3 - 32112 - dbtlearn_dbt_assets - ASSET_MATERIALIZATION - Materialized value scd_raw_listings.
[32m2024-05-06 17:42:34 +1000[0m - dagster - [34mDEBUG[0m - __ASSET_JOB - 76ab3cca-2dbc-4b1c-a5dd-a66a7febaaf3 - 32112 - dbtlearn_dbt_assets - ASSET_OBSERVATION - DagsterEventType.ASSET_OBSERVATION for step dbtlearn_dbt_assets
[32m2024-05-06 17:42:36 +1000[0m - dagster - [34mDEBUG[0m - __ASSET_JOB - 76ab3cca-2dbc-4b1c-a5dd-a66a7febaaf3 - 32112 - dbtlearn_dbt_assets - ASSET_OBSERVATION - DagsterEventType.ASSET_OBSERVATION for step dbtlearn_dbt_assets
[32m2024-05-06 17:42:38 +1000[0m - dagster - [34mDEBUG[0m - __ASSET_JOB - 76ab3cca-2dbc-4b1c-a5dd-a66a7febaaf3 - 32112 - dbtlearn_dbt_assets - ASSET_OBSERVATION - DagsterEventType.ASSET_OBSERVATION for step dbtlearn_dbt_assets
[32m2024-05-06 17:42:41 +1000[0m - dagster - [34mDEBUG[0m - __ASSET_JOB - 76ab3cca-2dbc-4b1c-a5dd-a66a7febaaf3 - 32112 - dbtlearn_dbt_assets - ASSET_OBSERVATION - DagsterEventType.ASSET_OBSERVATION for step dbtlearn_dbt_assets
[32m2024-05-06 17:42:43 +1000[0m - dagster - [34mDEBUG[0m - __ASSET_JOB - 76ab3cca-2dbc-4b1c-a5dd-a66a7febaaf3 - 32112 - dbtlearn_dbt_assets - ASSET_OBSERVATION - DagsterEventType.ASSET_OBSERVATION for step dbtlearn_dbt_assets
[32m2024-05-06 17:42:47 +1000[0m - dagster - [34mDEBUG[0m - __ASSET_JOB - 76ab3cca-2dbc-4b1c-a5dd-a66a7febaaf3 - 32112 - dbtlearn_dbt_assets - ASSET_OBSERVATION - DagsterEventType.ASSET_OBSERVATION for step dbtlearn_dbt_assets
[32m2024-05-06 17:42:49 +1000[0m - dagster - [34mDEBUG[0m - __ASSET_JOB - 76ab3cca-2dbc-4b1c-a5dd-a66a7febaaf3 - 32112 - dbtlearn_dbt_assets - STEP_OUTPUT - Yielded output "dim_listings_cleansed" of type "Nothing". (Type check passed).
[32m2024-05-06 17:42:49 +1000[0m - dagster - [34mDEBUG[0m - __ASSET_JOB - 76ab3cca-2dbc-4b1c-a5dd-a66a7febaaf3 - 32112 - dbtlearn_dbt_assets - ASSET_MATERIALIZATION - Materialized value dim_listings_cleansed.
[32m2024-05-06 17:42:55 +1000[0m - dagster - [34mDEBUG[0m - __ASSET_JOB - 76ab3cca-2dbc-4b1c-a5dd-a66a7febaaf3 - 32112 - dbtlearn_dbt_assets - STEP_OUTPUT - Yielded output "mart_fullmoon_reviews" of type "Nothing". (Type check passed).
[32m2024-05-06 17:42:56 +1000[0m - dagster - [34mDEBUG[0m - __ASSET_JOB - 76ab3cca-2dbc-4b1c-a5dd-a66a7febaaf3 - 32112 - dbtlearn_dbt_assets - ASSET_MATERIALIZATION - Materialized value mart_fullmoon_reviews.
[32m2024-05-06 17:43:01 +1000[0m - dagster - [34mDEBUG[0m - __ASSET_JOB - 76ab3cca-2dbc-4b1c-a5dd-a66a7febaaf3 - 32112 - dbtlearn_dbt_assets - ASSET_OBSERVATION - DagsterEventType.ASSET_OBSERVATION for step dbtlearn_dbt_assets
[32m2024-05-06 17:43:03 +1000[0m - dagster - [34mDEBUG[0m - __ASSET_JOB - 76ab3cca-2dbc-4b1c-a5dd-a66a7febaaf3 - 32112 - dbtlearn_dbt_assets - ASSET_OBSERVATION - DagsterEventType.ASSET_OBSERVATION for step dbtlearn_dbt_assets
[32m2024-05-06 17:43:03 +1000[0m - dagster - [34mDEBUG[0m - __ASSET_JOB - 76ab3cca-2dbc-4b1c-a5dd-a66a7febaaf3 - 32112 - dbtlearn_dbt_assets - ASSET_OBSERVATION - DagsterEventType.ASSET_OBSERVATION for step dbtlearn_dbt_assets
[32m2024-05-06 17:43:05 +1000[0m - dagster - [34mDEBUG[0m - __ASSET_JOB - 76ab3cca-2dbc-4b1c-a5dd-a66a7febaaf3 - 32112 - dbtlearn_dbt_assets - ASSET_OBSERVATION - DagsterEventType.ASSET_OBSERVATION for step dbtlearn_dbt_assets
[32m2024-05-06 17:43:08 +1000[0m - dagster - [34mDEBUG[0m - __ASSET_JOB - 76ab3cca-2dbc-4b1c-a5dd-a66a7febaaf3 - 32112 - dbtlearn_dbt_assets - ASSET_OBSERVATION - DagsterEventType.ASSET_OBSERVATION for step dbtlearn_dbt_assets
[32m2024-05-06 17:43:10 +1000[0m - dagster - [34mDEBUG[0m - __ASSET_JOB - 76ab3cca-2dbc-4b1c-a5dd-a66a7febaaf3 - 32112 - dbtlearn_dbt_assets - ASSET_OBSERVATION - DagsterEventType.ASSET_OBSERVATION for step dbtlearn_dbt_assets
[32m2024-05-06 17:43:12 +1000[0m - dagster - [34mDEBUG[0m - __ASSET_JOB - 76ab3cca-2dbc-4b1c-a5dd-a66a7febaaf3 - 32112 - dbtlearn_dbt_assets - ASSET_OBSERVATION - DagsterEventType.ASSET_OBSERVATION for step dbtlearn_dbt_assets
[32m2024-05-06 17:43:14 +1000[0m - dagster - [34mDEBUG[0m - __ASSET_JOB - 76ab3cca-2dbc-4b1c-a5dd-a66a7febaaf3 - 32112 - dbtlearn_dbt_assets - ASSET_OBSERVATION - DagsterEventType.ASSET_OBSERVATION for step dbtlearn_dbt_assets
[32m2024-05-06 17:43:16 +1000[0m - dagster - [34mDEBUG[0m - __ASSET_JOB - 76ab3cca-2dbc-4b1c-a5dd-a66a7febaaf3 - 32112 - dbtlearn_dbt_assets - ASSET_OBSERVATION - DagsterEventType.ASSET_OBSERVATION for step dbtlearn_dbt_assets
[32m2024-05-06 17:43:16 +1000[0m - dagster - [34mDEBUG[0m - __ASSET_JOB - 76ab3cca-2dbc-4b1c-a5dd-a66a7febaaf3 - 32112 - dbtlearn_dbt_assets - ASSET_OBSERVATION - DagsterEventType.ASSET_OBSERVATION for step dbtlearn_dbt_assets
[32m2024-05-06 17:43:18 +1000[0m - dagster - [34mDEBUG[0m - __ASSET_JOB - 76ab3cca-2dbc-4b1c-a5dd-a66a7febaaf3 - 32112 - dbtlearn_dbt_assets - ASSET_OBSERVATION - DagsterEventType.ASSET_OBSERVATION for step dbtlearn_dbt_assets
[32m2024-05-06 17:43:18 +1000[0m - dagster - [34mDEBUG[0m - __ASSET_JOB - 76ab3cca-2dbc-4b1c-a5dd-a66a7febaaf3 - 32112 - dbtlearn_dbt_assets - ASSET_OBSERVATION - DagsterEventType.ASSET_OBSERVATION for step dbtlearn_dbt_assets
[32m2024-05-06 17:43:20 +1000[0m - dagster - [34mDEBUG[0m - __ASSET_JOB - 76ab3cca-2dbc-4b1c-a5dd-a66a7febaaf3 - 32112 - dbtlearn_dbt_assets - ASSET_OBSERVATION - DagsterEventType.ASSET_OBSERVATION for step dbtlearn_dbt_assets
[32m2024-05-06 17:43:24 +1000[0m - dagster - [34mDEBUG[0m - __ASSET_JOB - 76ab3cca-2dbc-4b1c-a5dd-a66a7febaaf3 - 32112 - dbtlearn_dbt_assets - STEP_OUTPUT - Yielded output "dim_listings_with_host" of type "Nothing". (Type check passed).
[32m2024-05-06 17:43:24 +1000[0m - dagster - [34mDEBUG[0m - __ASSET_JOB - 76ab3cca-2dbc-4b1c-a5dd-a66a7febaaf3 - 32112 - dbtlearn_dbt_assets - ASSET_MATERIALIZATION - Materialized value dim_listings_with_host.
[32m2024-05-06 17:43:26 +1000[0m - dagster - [34mDEBUG[0m - __ASSET_JOB - 76ab3cca-2dbc-4b1c-a5dd-a66a7febaaf3 - 32112 - dbtlearn_dbt_assets - ASSET_OBSERVATION - DagsterEventType.ASSET_OBSERVATION for step dbtlearn_dbt_assets
[32m2024-05-06 17:43:32 +1000[0m - dagster - [34mDEBUG[0m - __ASSET_JOB - 76ab3cca-2dbc-4b1c-a5dd-a66a7febaaf3 - 32112 - dbtlearn_dbt_assets - ASSET_OBSERVATION - DagsterEventType.ASSET_OBSERVATION for step dbtlearn_dbt_assets
[32m2024-05-06 17:43:35 +1000[0m - dagster - [34mDEBUG[0m - __ASSET_JOB - 76ab3cca-2dbc-4b1c-a5dd-a66a7febaaf3 - 32112 - dbtlearn_dbt_assets - ASSET_OBSERVATION - DagsterEventType.ASSET_OBSERVATION for step dbtlearn_dbt_assets
[32m2024-05-06 17:43:37 +1000[0m - dagster - [34mDEBUG[0m - __ASSET_JOB - 76ab3cca-2dbc-4b1c-a5dd-a66a7febaaf3 - 32112 - dbtlearn_dbt_assets - ASSET_OBSERVATION - DagsterEventType.ASSET_OBSERVATION for step dbtlearn_dbt_assets
[32m2024-05-06 17:43:37 +1000[0m - dagster - [34mDEBUG[0m - __ASSET_JOB - 76ab3cca-2dbc-4b1c-a5dd-a66a7febaaf3 - 32112 - dbtlearn_dbt_assets - ASSET_OBSERVATION - DagsterEventType.ASSET_OBSERVATION for step dbtlearn_dbt_assets
[32m2024-05-06 17:43:37 +1000[0m - dagster - [34mDEBUG[0m - __ASSET_JOB - 76ab3cca-2dbc-4b1c-a5dd-a66a7febaaf3 - 32112 - dbtlearn_dbt_assets - STEP_SUCCESS - Finished execution of step "dbtlearn_dbt_assets" in 1m43s.
