Running with dbt=1.7.14
Registered adapter: snowflake=1.7.1
Found 8 models, 1 snapshot, 1 analysis, 23 tests, 1 seed, 3 sources, 1 exposure, 0 metrics, 815 macros, 0 groups, 0 semantic models

Concurrency: 1 threads (target='dev')

1 of 21 START sql view model DEV.dim_hosts_cleansed ............................ [RUN]
1 of 21 OK created sql view model DEV.dim_hosts_cleansed ....................... [[32mSUCCESS 1[0m in 2.62s]
2 of 21 START sql view model DEV.dim_listings_cleansed ......................... [RUN]
2 of 21 OK created sql view model DEV.dim_listings_cleansed .................... [[32mSUCCESS 1[0m in 2.47s]
3 of 21 START test accepted_values_dim_hosts_cleansed_is_superhost__t__f ....... [RUN]
3 of 21 PASS accepted_values_dim_hosts_cleansed_is_superhost__t__f ............. [[32mPASS[0m in 2.28s]
4 of 21 START test not_null_dim_hosts_cleansed_host_id ......................... [RUN]
4 of 21 PASS not_null_dim_hosts_cleansed_host_id ............................... [[32mPASS[0m in 2.06s]
5 of 21 START test not_null_dim_hosts_cleansed_host_name ....................... [RUN]
5 of 21 PASS not_null_dim_hosts_cleansed_host_name ............................. [[32mPASS[0m in 2.06s]
6 of 21 START test unique_dim_hosts_cleansed_host_id ........................... [RUN]
6 of 21 PASS unique_dim_hosts_cleansed_host_id ................................. [[32mPASS[0m in 2.18s]
7 of 21 START test accepted_values_dim_listings_cleansed_room_type__Entire_home_apt__Private_room__Shared_room__Hotel_room  [RUN]
7 of 21 PASS accepted_values_dim_listings_cleansed_room_type__Entire_home_apt__Private_room__Shared_room__Hotel_room  [[32mPASS[0m in 2.42s]
8 of 21 START test consistent_created_at ....................................... [RUN]
8 of 21 PASS consistent_created_at ............................................. [[32mPASS[0m in 2.24s]
9 of 21 START test dim_listing_minimum_nights .................................. [RUN]
9 of 21 PASS dim_listing_minimum_nights ........................................ [[32mPASS[0m in 2.05s]
10 of 21 START test no_nulls_in_dim_listings ................................... [RUN]
10 of 21 PASS no_nulls_in_dim_listings ......................................... [[32mPASS[0m in 2.39s]
11 of 21 START test not_null_dim_listings_cleansed_host_id ..................... [RUN]
11 of 21 PASS not_null_dim_listings_cleansed_host_id ........................... [[32mPASS[0m in 2.01s]
12 of 21 START test not_null_dim_listings_cleansed_listing_id .................. [RUN]
12 of 21 PASS not_null_dim_listings_cleansed_listing_id ........................ [[32mPASS[0m in 2.08s]
13 of 21 START test positive_values_dim_listings_cleansed_minimum_nights ....... [RUN]
13 of 21 PASS positive_values_dim_listings_cleansed_minimum_nights ............. [[32mPASS[0m in 2.14s]
14 of 21 START test relationships_dim_listings_cleansed_host_id__host_id__ref_dim_hosts_cleansed_  [RUN]
14 of 21 PASS relationships_dim_listings_cleansed_host_id__host_id__ref_dim_hosts_cleansed_  [[32mPASS[0m in 2.01s]
15 of 21 START test relationships_fct_reviews_listing_id__listing_id__ref_dim_listings_cleansed_  [RUN]
15 of 21 PASS relationships_fct_reviews_listing_id__listing_id__ref_dim_listings_cleansed_  [[32mPASS[0m in 2.34s]
16 of 21 START test unique_dim_listings_cleansed_listing_id .................... [RUN]
16 of 21 PASS unique_dim_listings_cleansed_listing_id .......................... [[32mPASS[0m in 2.44s]
17 of 21 START sql table model DEV.dim_listings_with_host ...................... [RUN]
17 of 21 OK created sql table model DEV.dim_listings_with_host ................. [[32mSUCCESS 1[0m in 3.02s]
18 of 21 START test dbt_expectations_expect_column_max_to_be_between_dim_listings_with_host_price__5000  [RUN]
18 of 21 WARN 1 dbt_expectations_expect_column_max_to_be_between_dim_listings_with_host_price__5000  [[33mWARN 1[0m in 2.20s]
19 of 21 START test dbt_expectations_expect_column_quantile_values_to_be_between_dim_listings_with_host_price__500__50__0_99  [RUN]
19 of 21 PASS dbt_expectations_expect_column_quantile_values_to_be_between_dim_listings_with_host_price__500__50__0_99  [[32mPASS[0m in 1.98s]
20 of 21 START test dbt_expectations_expect_column_values_to_be_of_type_dim_listings_with_host_price__number  [RUN]
20 of 21 PASS dbt_expectations_expect_column_values_to_be_of_type_dim_listings_with_host_price__number  [[32mPASS[0m in 2.36s]
21 of 21 START test dbt_expectations_expect_table_row_count_to_equal_other_table_dim_listings_with_host_source_airbnb_listings_  [RUN]
21 of 21 PASS dbt_expectations_expect_table_row_count_to_equal_other_table_dim_listings_with_host_source_airbnb_listings_  [[32mPASS[0m in 2.03s]

Finished running 2 view models, 18 tests, 1 table model in 0 hours 0 minutes and 54.58 seconds (54.58s).

[33mCompleted with 1 warning:[0m

[33mWarning in test dbt_expectations_expect_column_max_to_be_between_dim_listings_with_host_price__5000 (models/schema.yml)[0m
Got 1 result, configured to warn if != 0

  compiled Code at target/dbtlearn_dbt_assets-bbd2752-270e37a/compiled/dbtlearn/models/schema.yml/dbt_expectations_expect_column_513b35db2c14a0dad05daa94d80f00e2.sql

Done. PASS=20 WARN=1 ERROR=0 SKIP=0 TOTAL=21
