[32m2024-05-06 17:34:18 +1000[0m - dagster - [34mDEBUG[0m - materialize_dbt_models - bbd27524-19a9-4eb8-992d-ed532364bff0 - 30561 - LOGS_CAPTURED - Started capturing logs in process (pid: 30561).
[32m2024-05-06 17:34:18 +1000[0m - dagster - [34mDEBUG[0m - materialize_dbt_models - bbd27524-19a9-4eb8-992d-ed532364bff0 - 30561 - dbtlearn_dbt_assets - STEP_START - Started execution of step "dbtlearn_dbt_assets".
[32m2024-05-06 17:34:18 +1000[0m - dagster - [34mINFO[0m - materialize_dbt_models - bbd27524-19a9-4eb8-992d-ed532364bff0 - dbtlearn_dbt_assets - A dbt subsetted execution is being performed. Overriding default dbt selection arguments `['--select', 'fqn:*']` with arguments: `['--select', 'fqn:dbtlearn.dim.dim_listings_with_host fqn:dbtlearn.dim.dim_listings_cleansed fqn:dbtlearn.dim.dim_hosts_cleansed']`
[32m2024-05-06 17:34:18 +1000[0m - dagster - [34mINFO[0m - materialize_dbt_models - bbd27524-19a9-4eb8-992d-ed532364bff0 - dbtlearn_dbt_assets - Copying `/Users/jonathandelimas/Library/CloudStorage/GoogleDrive-johnlimma@gmail.com/My Drive/7. Courses/1. Data Engineering/5. DBT/DBT Bootcamp/dbtAirbnb/target/partial_parse.msgpack` to `/Users/jonathandelimas/Library/CloudStorage/GoogleDrive-johnlimma@gmail.com/My Drive/7. Courses/1. Data Engineering/5. DBT/DBT Bootcamp/dbtAirbnb/target/dbtlearn_dbt_assets-bbd2752-270e37a/partial_parse.msgpack` to take advantage of partial parsing.
[32m2024-05-06 17:34:18 +1000[0m - dagster - [34mINFO[0m - materialize_dbt_models - bbd27524-19a9-4eb8-992d-ed532364bff0 - dbtlearn_dbt_assets - Running dbt command: `dbt build --select fqn:dbtlearn.dim.dim_listings_with_host fqn:dbtlearn.dim.dim_listings_cleansed fqn:dbtlearn.dim.dim_hosts_cleansed`.
[32m2024-05-06 17:34:33 +1000[0m - dagster - [34mDEBUG[0m - materialize_dbt_models - bbd27524-19a9-4eb8-992d-ed532364bff0 - 30561 - dbtlearn_dbt_assets - STEP_OUTPUT - Yielded output "dim_hosts_cleansed" of type "Nothing". (Type check passed).
[32m2024-05-06 17:34:33 +1000[0m - dagster - [34mDEBUG[0m - materialize_dbt_models - bbd27524-19a9-4eb8-992d-ed532364bff0 - 30561 - dbtlearn_dbt_assets - ASSET_MATERIALIZATION - Materialized value dim_hosts_cleansed.
[32m2024-05-06 17:34:35 +1000[0m - dagster - [34mDEBUG[0m - materialize_dbt_models - bbd27524-19a9-4eb8-992d-ed532364bff0 - 30561 - dbtlearn_dbt_assets - STEP_OUTPUT - Yielded output "dim_listings_cleansed" of type "Nothing". (Type check passed).
[32m2024-05-06 17:34:36 +1000[0m - dagster - [34mDEBUG[0m - materialize_dbt_models - bbd27524-19a9-4eb8-992d-ed532364bff0 - 30561 - dbtlearn_dbt_assets - ASSET_MATERIALIZATION - Materialized value dim_listings_cleansed.
[32m2024-05-06 17:34:38 +1000[0m - dagster - [34mDEBUG[0m - materialize_dbt_models - bbd27524-19a9-4eb8-992d-ed532364bff0 - 30561 - dbtlearn_dbt_assets - ASSET_OBSERVATION - DagsterEventType.ASSET_OBSERVATION for step dbtlearn_dbt_assets
[32m2024-05-06 17:34:40 +1000[0m - dagster - [34mDEBUG[0m - materialize_dbt_models - bbd27524-19a9-4eb8-992d-ed532364bff0 - 30561 - dbtlearn_dbt_assets - ASSET_OBSERVATION - DagsterEventType.ASSET_OBSERVATION for step dbtlearn_dbt_assets
[32m2024-05-06 17:34:42 +1000[0m - dagster - [34mDEBUG[0m - materialize_dbt_models - bbd27524-19a9-4eb8-992d-ed532364bff0 - 30561 - dbtlearn_dbt_assets - ASSET_OBSERVATION - DagsterEventType.ASSET_OBSERVATION for step dbtlearn_dbt_assets
[32m2024-05-06 17:34:44 +1000[0m - dagster - [34mDEBUG[0m - materialize_dbt_models - bbd27524-19a9-4eb8-992d-ed532364bff0 - 30561 - dbtlearn_dbt_assets - ASSET_OBSERVATION - DagsterEventType.ASSET_OBSERVATION for step dbtlearn_dbt_assets
[32m2024-05-06 17:34:47 +1000[0m - dagster - [34mDEBUG[0m - materialize_dbt_models - bbd27524-19a9-4eb8-992d-ed532364bff0 - 30561 - dbtlearn_dbt_assets - ASSET_OBSERVATION - DagsterEventType.ASSET_OBSERVATION for step dbtlearn_dbt_assets
[32m2024-05-06 17:34:49 +1000[0m - dagster - [34mDEBUG[0m - materialize_dbt_models - bbd27524-19a9-4eb8-992d-ed532364bff0 - 30561 - dbtlearn_dbt_assets - ASSET_OBSERVATION - DagsterEventType.ASSET_OBSERVATION for step dbtlearn_dbt_assets
[32m2024-05-06 17:34:49 +1000[0m - dagster - [34mDEBUG[0m - materialize_dbt_models - bbd27524-19a9-4eb8-992d-ed532364bff0 - 30561 - dbtlearn_dbt_assets - ASSET_OBSERVATION - DagsterEventType.ASSET_OBSERVATION for step dbtlearn_dbt_assets
[32m2024-05-06 17:34:51 +1000[0m - dagster - [34mDEBUG[0m - materialize_dbt_models - bbd27524-19a9-4eb8-992d-ed532364bff0 - 30561 - dbtlearn_dbt_assets - ASSET_OBSERVATION - DagsterEventType.ASSET_OBSERVATION for step dbtlearn_dbt_assets
[32m2024-05-06 17:34:53 +1000[0m - dagster - [34mDEBUG[0m - materialize_dbt_models - bbd27524-19a9-4eb8-992d-ed532364bff0 - 30561 - dbtlearn_dbt_assets - ASSET_OBSERVATION - DagsterEventType.ASSET_OBSERVATION for step dbtlearn_dbt_assets
[32m2024-05-06 17:34:55 +1000[0m - dagster - [34mDEBUG[0m - materialize_dbt_models - bbd27524-19a9-4eb8-992d-ed532364bff0 - 30561 - dbtlearn_dbt_assets - ASSET_OBSERVATION - DagsterEventType.ASSET_OBSERVATION for step dbtlearn_dbt_assets
[32m2024-05-06 17:34:57 +1000[0m - dagster - [34mDEBUG[0m - materialize_dbt_models - bbd27524-19a9-4eb8-992d-ed532364bff0 - 30561 - dbtlearn_dbt_assets - ASSET_OBSERVATION - DagsterEventType.ASSET_OBSERVATION for step dbtlearn_dbt_assets
[32m2024-05-06 17:34:59 +1000[0m - dagster - [34mDEBUG[0m - materialize_dbt_models - bbd27524-19a9-4eb8-992d-ed532364bff0 - 30561 - dbtlearn_dbt_assets - ASSET_OBSERVATION - DagsterEventType.ASSET_OBSERVATION for step dbtlearn_dbt_assets
[32m2024-05-06 17:35:01 +1000[0m - dagster - [34mDEBUG[0m - materialize_dbt_models - bbd27524-19a9-4eb8-992d-ed532364bff0 - 30561 - dbtlearn_dbt_assets - ASSET_OBSERVATION - DagsterEventType.ASSET_OBSERVATION for step dbtlearn_dbt_assets
[32m2024-05-06 17:35:01 +1000[0m - dagster - [34mDEBUG[0m - materialize_dbt_models - bbd27524-19a9-4eb8-992d-ed532364bff0 - 30561 - dbtlearn_dbt_assets - ASSET_OBSERVATION - DagsterEventType.ASSET_OBSERVATION for step dbtlearn_dbt_assets
[32m2024-05-06 17:35:04 +1000[0m - dagster - [34mDEBUG[0m - materialize_dbt_models - bbd27524-19a9-4eb8-992d-ed532364bff0 - 30561 - dbtlearn_dbt_assets - ASSET_OBSERVATION - DagsterEventType.ASSET_OBSERVATION for step dbtlearn_dbt_assets
[32m2024-05-06 17:35:04 +1000[0m - dagster - [34mDEBUG[0m - materialize_dbt_models - bbd27524-19a9-4eb8-992d-ed532364bff0 - 30561 - dbtlearn_dbt_assets - ASSET_OBSERVATION - DagsterEventType.ASSET_OBSERVATION for step dbtlearn_dbt_assets
[32m2024-05-06 17:35:06 +1000[0m - dagster - [34mDEBUG[0m - materialize_dbt_models - bbd27524-19a9-4eb8-992d-ed532364bff0 - 30561 - dbtlearn_dbt_assets - ASSET_OBSERVATION - DagsterEventType.ASSET_OBSERVATION for step dbtlearn_dbt_assets
[32m2024-05-06 17:35:09 +1000[0m - dagster - [34mDEBUG[0m - materialize_dbt_models - bbd27524-19a9-4eb8-992d-ed532364bff0 - 30561 - dbtlearn_dbt_assets - STEP_OUTPUT - Yielded output "dim_listings_with_host" of type "Nothing". (Type check passed).
[32m2024-05-06 17:35:09 +1000[0m - dagster - [34mDEBUG[0m - materialize_dbt_models - bbd27524-19a9-4eb8-992d-ed532364bff0 - 30561 - dbtlearn_dbt_assets - ASSET_MATERIALIZATION - Materialized value dim_listings_with_host.
[32m2024-05-06 17:35:11 +1000[0m - dagster - [34mDEBUG[0m - materialize_dbt_models - bbd27524-19a9-4eb8-992d-ed532364bff0 - 30561 - dbtlearn_dbt_assets - ASSET_OBSERVATION - DagsterEventType.ASSET_OBSERVATION for step dbtlearn_dbt_assets
[32m2024-05-06 17:35:13 +1000[0m - dagster - [34mDEBUG[0m - materialize_dbt_models - bbd27524-19a9-4eb8-992d-ed532364bff0 - 30561 - dbtlearn_dbt_assets - ASSET_OBSERVATION - DagsterEventType.ASSET_OBSERVATION for step dbtlearn_dbt_assets
[32m2024-05-06 17:35:16 +1000[0m - dagster - [34mDEBUG[0m - materialize_dbt_models - bbd27524-19a9-4eb8-992d-ed532364bff0 - 30561 - dbtlearn_dbt_assets - ASSET_OBSERVATION - DagsterEventType.ASSET_OBSERVATION for step dbtlearn_dbt_assets
[32m2024-05-06 17:35:18 +1000[0m - dagster - [34mDEBUG[0m - materialize_dbt_models - bbd27524-19a9-4eb8-992d-ed532364bff0 - 30561 - dbtlearn_dbt_assets - ASSET_OBSERVATION - DagsterEventType.ASSET_OBSERVATION for step dbtlearn_dbt_assets
[32m2024-05-06 17:35:18 +1000[0m - dagster - [34mDEBUG[0m - materialize_dbt_models - bbd27524-19a9-4eb8-992d-ed532364bff0 - 30561 - dbtlearn_dbt_assets - ASSET_OBSERVATION - DagsterEventType.ASSET_OBSERVATION for step dbtlearn_dbt_assets
[32m2024-05-06 17:35:18 +1000[0m - dagster - [34mDEBUG[0m - materialize_dbt_models - bbd27524-19a9-4eb8-992d-ed532364bff0 - 30561 - dbtlearn_dbt_assets - STEP_SUCCESS - Finished execution of step "dbtlearn_dbt_assets" in 1m0s.
